Using pre-set license
Built from '2020.2/staging' branch; Version is '2020.2.7f1 (c53830e277f1) revision 12924976'; Using compiler version '192528614'; Build Type 'Release'
OS: 'Windows 10 Pro; OS build 19042.985; Version 2009; 64bit' Language: 'en' Physical Memory: 16336 MB
BatchMode: 1, IsHumanControllingUs: 0, StartBugReporterOnCrash: 0, Is64bit: 1, IsPro: 0

 COMMAND LINE ARGUMENTS:
C:\Program Files\Unity\Editor\Unity.exe
-adb2
-batchMode
-noUpm
-name
AssetImportWorker0
-projectPath
C:/Users/pedro/Downloads/FireFighter
-logFile
Logs/AssetImportWorker0.log
-srvPort
59863
Successfully changed project path to: C:/Users/pedro/Downloads/FireFighter
C:/Users/pedro/Downloads/FireFighter
Using Asset Import Pipeline V2.
Refreshing native plugins compatible for Editor in 26.50 ms, found 0 plugins.
Preloading 0 native plugins for Editor in 0.00 ms.
Initialize engine version: 2020.2.7f1 (c53830e277f1)
[Subsystems] Discovering subsystems at path C:/Program Files/Unity/Editor/Data/Resources/UnitySubsystems
[Subsystems] Discovering subsystems at path C:/Users/pedro/Downloads/FireFighter/Assets
GfxDevice: creating device client; threaded=0
Direct3D:
    Version:  Direct3D 11.0 [level 11.1]
    Renderer: NVIDIA GeForce GTX 1050 Ti (ID=0x1c82)
    Vendor:   
    VRAM:     4018 MB
    Driver:   27.21.14.6611
Initialize mono
Mono path[0] = 'C:/Program Files/Unity/Editor/Data/Managed'
Mono path[1] = 'C:/Program Files/Unity/Editor/Data/MonoBleedingEdge/lib/mono/unityjit'
Mono config path = 'C:/Program Files/Unity/Editor/Data/MonoBleedingEdge/etc'
Using monoOptions --debugger-agent=transport=dt_socket,embedding=1,server=y,suspend=n,address=127.0.0.1:56428
Begin MonoManager ReloadAssembly
Registering precompiled unity dll's ...
Register platform support module: C:/Program Files/Unity/Editor/Data/PlaybackEngines/WindowsStandaloneSupport/UnityEditor.WindowsStandalone.Extensions.dll
Registered in 0.003070 seconds.
Native extension for WindowsStandalone target not found
Refreshing native plugins compatible for Editor in 33.07 ms, found 0 plugins.
Preloading 0 native plugins for Editor in 0.00 ms.
Invoked RoslynAnalysisRunner static constructor.
RoslynAnalysisRunner will not be running.
RoslynAnalysisRunner has terminated.
Mono: successfully reloaded assembly
- Completed reload, in  1.394 seconds
Platform modules already initialized, skipping
Registering precompiled user dll's ...
Registered in 0.001288 seconds.
Begin MonoManager ReloadAssembly
Native extension for WindowsStandalone target not found
Refreshing native plugins compatible for Editor in 0.34 ms, found 0 plugins.
Preloading 0 native plugins for Editor in 0.00 ms.
Invoked RoslynAnalysisRunner static constructor.
RoslynAnalysisRunner will not be running.
RoslynAnalysisRunner has terminated.
Mono: successfully reloaded assembly
- Completed reload, in  1.006 seconds
Platform modules already initialized, skipping
========================================================================
Worker process is ready to serve import requests
Launched and connected shader compiler UnityShaderCompiler.exe after 0.08 seconds
Refreshing native plugins compatible for Editor in 0.23 ms, found 0 plugins.
Preloading 0 native plugins for Editor in 0.00 ms.
Unloading 1120 Unused Serialized files (Serialized files now loaded: 0)
System memory in use before: 69.2 MB.
System memory in use after: 69.3 MB.

Unloading 10 unused Assets to reduce memory usage. Loaded Objects now: 1580.
Total: 1.869300 ms (FindLiveObjects: 0.155300 ms CreateObjectMapping: 0.159400 ms MarkObjects: 1.432600 ms  DeleteObjects: 0.120500 ms)

========================================================================
Received Import Request.
  path: Assets/Scenes/HUD.unity
  artifactKey: Guid(fc9ca97840a13084a8f290cd99114502) Importer(815301076,1909f56bfc062723c751e8b465ee728b)
Start importing Assets/Scenes/HUD.unity using Guid(fc9ca97840a13084a8f290cd99114502) Importer(815301076,1909f56bfc062723c751e8b465ee728b)  -> (artifact id: '7de6c8569380dc2573f13ce4fddbd346') in 0.012225 seconds
  Import took 0.014226 seconds .

========================================================================
Received Import Request.
  Time since last request: 0.734641 seconds.
  path: Assets/Scenes
  artifactKey: Guid(a5e2e538bb1ca4a4f866002ec79df1b4) Importer(815301076,1909f56bfc062723c751e8b465ee728b)
Start importing Assets/Scenes using Guid(a5e2e538bb1ca4a4f866002ec79df1b4) Importer(815301076,1909f56bfc062723c751e8b465ee728b)  -> (artifact id: '98bc21a8dffbe719bbf7bc1bfd158c4a') in 0.003958 seconds
  Import took 0.007143 seconds .

========================================================================
Received Import Request.
  Time since last request: 0.000730 seconds.
  path: Assets/Scenes
  artifactKey: Guid(a5e2e538bb1ca4a4f866002ec79df1b4) Importer(815301076,1909f56bfc062723c751e8b465ee728b)
Start importing Assets/Scenes using Guid(a5e2e538bb1ca4a4f866002ec79df1b4) Importer(815301076,1909f56bfc062723c751e8b465ee728b)  -> (artifact id: '98bc21a8dffbe719bbf7bc1bfd158c4a') in 0.003301 seconds
  Import took 0.005430 seconds .

========================================================================
Received Prepare
Registering precompiled user dll's ...
Registered in 0.001671 seconds.
Begin MonoManager ReloadAssembly
Native extension for WindowsStandalone target not found
Refreshing native plugins compatible for Editor in 0.21 ms, found 0 plugins.
Preloading 0 native plugins for Editor in 0.00 ms.
Invoked RoslynAnalysisRunner static constructor.
RoslynAnalysisRunner will not be running.
RoslynAnalysisRunner has terminated.
Mono: successfully reloaded assembly
- Completed reload, in  0.899 seconds
Platform modules already initialized, skipping
Refreshing native plugins compatible for Editor in 0.31 ms, found 0 plugins.
Preloading 0 native plugins for Editor in 0.00 ms.
Unloading 1115 Unused Serialized files (Serialized files now loaded: 0)
System memory in use before: 69.2 MB.
System memory in use after: 69.2 MB.

Unloading 5 unused Assets to reduce memory usage. Loaded Objects now: 1583.
Total: 2.711200 ms (FindLiveObjects: 0.172400 ms CreateObjectMapping: 0.094100 ms MarkObjects: 2.351800 ms  DeleteObjects: 0.091100 ms)

========================================================================
Received Import Request.
  Time since last request: 126.504498 seconds.
  path: Assets/UIcontroller.cs
  artifactKey: Guid(73a21c1aeb18f214293b54279a0361ae) Importer(815301076,1909f56bfc062723c751e8b465ee728b)
Start importing Assets/UIcontroller.cs using Guid(73a21c1aeb18f214293b54279a0361ae) Importer(815301076,1909f56bfc062723c751e8b465ee728b)  -> (artifact id: '5c38b26112d0db982b1b58ffd5188201') in 0.052214 seconds
  Import took 0.054432 seconds .

========================================================================
Received Import Request.
  Time since last request: 105.545506 seconds.
  path: Assets/Scenes/HUD.unity
  artifactKey: Guid(fc9ca97840a13084a8f290cd99114502) Importer(815301076,1909f56bfc062723c751e8b465ee728b)
Start importing Assets/Scenes/HUD.unity using Guid(fc9ca97840a13084a8f290cd99114502) Importer(815301076,1909f56bfc062723c751e8b465ee728b)  -> (artifact id: 'c915395561b50148372a67afad3f199b') in 0.015777 seconds
  Import took 0.018847 seconds .

========================================================================
Received Import Request.
  Time since last request: 207.363436 seconds.
  path: Assets/Scenes/Fase1.unity
  artifactKey: Guid(9fc0d4010bbf28b4594072e72b8655ab) Importer(815301076,1909f56bfc062723c751e8b465ee728b)
Start importing Assets/Scenes/Fase1.unity using Guid(9fc0d4010bbf28b4594072e72b8655ab) Importer(815301076,1909f56bfc062723c751e8b465ee728b)  -> (artifact id: 'e110b5e98fba7122f59d7d08fc245416') in 0.005088 seconds
  Import took 0.007979 seconds .

========================================================================
Received Import Request.
  Time since last request: 0.001032 seconds.
  path: Assets/Scenes/Fase1.unity
  artifactKey: Guid(9fc0d4010bbf28b4594072e72b8655ab) Importer(815301076,1909f56bfc062723c751e8b465ee728b)
Start importing Assets/Scenes/Fase1.unity using Guid(9fc0d4010bbf28b4594072e72b8655ab) Importer(815301076,1909f56bfc062723c751e8b465ee728b)  -> (artifact id: 'e110b5e98fba7122f59d7d08fc245416') in 0.004712 seconds
  Import took 0.006916 seconds .

========================================================================
Received Prepare
Registering precompiled user dll's ...
Registered in 0.001038 seconds.
Begin MonoManager ReloadAssembly
Native extension for WindowsStandalone target not found
Refreshing native plugins compatible for Editor in 0.21 ms, found 0 plugins.
Preloading 0 native plugins for Editor in 0.00 ms.
Invoked RoslynAnalysisRunner static constructor.
RoslynAnalysisRunner will not be running.
RoslynAnalysisRunner has terminated.
Mono: successfully reloaded assembly
- Completed reload, in  0.923 seconds
Platform modules already initialized, skipping
Refreshing native plugins compatible for Editor in 0.21 ms, found 0 plugins.
Preloading 0 native plugins for Editor in 0.00 ms.
Unloading 1115 Unused Serialized files (Serialized files now loaded: 0)
System memory in use before: 69.2 MB.
System memory in use after: 69.3 MB.

Unloading 5 unused Assets to reduce memory usage. Loaded Objects now: 1586.
Total: 1.914400 ms (FindLiveObjects: 0.232400 ms CreateObjectMapping: 0.037000 ms MarkObjects: 1.560900 ms  DeleteObjects: 0.082600 ms)

========================================================================
Received Import Request.
  Time since last request: 40.567293 seconds.
  path: Assets/Scenes/HUD.unity
  artifactKey: Guid(fc9ca97840a13084a8f290cd99114502) Importer(815301076,1909f56bfc062723c751e8b465ee728b)
Start importing Assets/Scenes/HUD.unity using Guid(fc9ca97840a13084a8f290cd99114502) Importer(815301076,1909f56bfc062723c751e8b465ee728b)  -> (artifact id: '3a62b3bcdbbaf994c34b6efe31260a57') in 0.017019 seconds
  Import took 0.018959 seconds .

========================================================================
Received Prepare
Registering precompiled user dll's ...
Registered in 0.000911 seconds.
Begin MonoManager ReloadAssembly
Native extension for WindowsStandalone target not found
Refreshing native plugins compatible for Editor in 0.21 ms, found 0 plugins.
Preloading 0 native plugins for Editor in 0.00 ms.
Invoked RoslynAnalysisRunner static constructor.
RoslynAnalysisRunner will not be running.
RoslynAnalysisRunner has terminated.
Mono: successfully reloaded assembly
- Completed reload, in  0.961 seconds
Platform modules already initialized, skipping
Refreshing native plugins compatible for Editor in 0.21 ms, found 0 plugins.
Preloading 0 native plugins for Editor in 0.00 ms.
Unloading 1115 Unused Serialized files (Serialized files now loaded: 0)
System memory in use before: 69.2 MB.
System memory in use after: 69.3 MB.

Unloading 5 unused Assets to reduce memory usage. Loaded Objects now: 1589.
Total: 1.834100 ms (FindLiveObjects: 0.149800 ms CreateObjectMapping: 0.039100 ms MarkObjects: 1.559300 ms  DeleteObjects: 0.084400 ms)

========================================================================
Received Import Request.
  Time since last request: 56.331485 seconds.
  path: Assets/Scenes/Fase1.unity
  artifactKey: Guid(9fc0d4010bbf28b4594072e72b8655ab) Importer(815301076,1909f56bfc062723c751e8b465ee728b)
Start importing Assets/Scenes/Fase1.unity using Guid(9fc0d4010bbf28b4594072e72b8655ab) Importer(815301076,1909f56bfc062723c751e8b465ee728b)  -> (artifact id: 'ae6b3d8c5d55901062ac3a46bbd27a7a') in 0.017573 seconds
  Import took 0.020008 seconds .

========================================================================
Received Prepare
Registering precompiled user dll's ...
Registered in 0.000922 seconds.
Begin MonoManager ReloadAssembly
Native extension for WindowsStandalone target not found
Refreshing native plugins compatible for Editor in 0.21 ms, found 0 plugins.
Preloading 0 native plugins for Editor in 0.00 ms.
Invoked RoslynAnalysisRunner static constructor.
RoslynAnalysisRunner will not be running.
RoslynAnalysisRunner has terminated.
Mono: successfully reloaded assembly
- Completed reload, in  0.882 seconds
Platform modules already initialized, skipping
Refreshing native plugins compatible for Editor in 0.29 ms, found 0 plugins.
Preloading 0 native plugins for Editor in 0.00 ms.
Unloading 1115 Unused Serialized files (Serialized files now loaded: 0)
System memory in use before: 69.3 MB.
System memory in use after: 69.3 MB.

Unloading 5 unused Assets to reduce memory usage. Loaded Objects now: 1592.
Total: 2.126400 ms (FindLiveObjects: 0.145300 ms CreateObjectMapping: 0.052100 ms MarkObjects: 1.838600 ms  DeleteObjects: 0.089000 ms)

========================================================================
Received Import Request.
  Time since last request: 51.098602 seconds.
  path: Assets/Scenes/Fase1.unity
  artifactKey: Guid(9fc0d4010bbf28b4594072e72b8655ab) Importer(815301076,1909f56bfc062723c751e8b465ee728b)
Start importing Assets/Scenes/Fase1.unity using Guid(9fc0d4010bbf28b4594072e72b8655ab) Importer(815301076,1909f56bfc062723c751e8b465ee728b)  -> (artifact id: '1a5ddbb2bc1ab39a2a5ade52b9ee0e2d') in 0.017292 seconds
  Import took 0.019625 seconds .

========================================================================
Received Prepare
Registering precompiled user dll's ...
Registered in 0.001087 seconds.
Begin MonoManager ReloadAssembly
Native extension for WindowsStandalone target not found
Refreshing native plugins compatible for Editor in 0.24 ms, found 0 plugins.
Preloading 0 native plugins for Editor in 0.00 ms.
Invoked RoslynAnalysisRunner static constructor.
RoslynAnalysisRunner will not be running.
RoslynAnalysisRunner has terminated.
Mono: successfully reloaded assembly
- Completed reload, in  0.908 seconds
Platform modules already initialized, skipping
Refreshing native plugins compatible for Editor in 0.22 ms, found 0 plugins.
Preloading 0 native plugins for Editor in 0.00 ms.
Unloading 1115 Unused Serialized files (Serialized files now loaded: 0)
System memory in use before: 69.3 MB.
System memory in use after: 69.3 MB.

Unloading 5 unused Assets to reduce memory usage. Loaded Objects now: 1595.
Total: 1.718300 ms (FindLiveObjects: 0.148200 ms CreateObjectMapping: 0.038000 ms MarkObjects: 1.422400 ms  DeleteObjects: 0.107800 ms)

========================================================================
Received Import Request.
  Time since last request: 49.686910 seconds.
  path: Assets/Scenes/Fase1.unity
  artifactKey: Guid(9fc0d4010bbf28b4594072e72b8655ab) Importer(815301076,1909f56bfc062723c751e8b465ee728b)
Start importing Assets/Scenes/Fase1.unity using Guid(9fc0d4010bbf28b4594072e72b8655ab) Importer(815301076,1909f56bfc062723c751e8b465ee728b)  -> (artifact id: '1b0a9830ee28db6246c0c3a77f572ef5') in 0.017132 seconds
  Import took 0.019379 seconds .

========================================================================
Received Prepare
Registering precompiled user dll's ...
Registered in 0.000964 seconds.
Begin MonoManager ReloadAssembly
Native extension for WindowsStandalone target not found
Refreshing native plugins compatible for Editor in 0.23 ms, found 0 plugins.
Preloading 0 native plugins for Editor in 0.00 ms.
Invoked RoslynAnalysisRunner static constructor.
RoslynAnalysisRunner will not be running.
RoslynAnalysisRunner has terminated.
Mono: successfully reloaded assembly
- Completed reload, in  0.965 seconds
Platform modules already initialized, skipping
Refreshing native plugins compatible for Editor in 0.22 ms, found 0 plugins.
Preloading 0 native plugins for Editor in 0.00 ms.
Unloading 1115 Unused Serialized files (Serialized files now loaded: 0)
System memory in use before: 69.3 MB.
System memory in use after: 69.4 MB.

Unloading 5 unused Assets to reduce memory usage. Loaded Objects now: 1598.
Total: 1.680900 ms (FindLiveObjects: 0.130100 ms CreateObjectMapping: 0.033600 ms MarkObjects: 1.419700 ms  DeleteObjects: 0.096600 ms)

========================================================================
Received Import Request.
  Time since last request: 129.421914 seconds.
  path: Assets/Scenes/Fase1.unity
  artifactKey: Guid(9fc0d4010bbf28b4594072e72b8655ab) Importer(815301076,1909f56bfc062723c751e8b465ee728b)
Start importing Assets/Scenes/Fase1.unity using Guid(9fc0d4010bbf28b4594072e72b8655ab) Importer(815301076,1909f56bfc062723c751e8b465ee728b)  -> (artifact id: '81f1a2fd12019e105343558850be7c6a') in 0.015525 seconds
  Import took 0.017884 seconds .

========================================================================
Received Prepare
Registering precompiled user dll's ...
Registered in 0.000924 seconds.
Begin MonoManager ReloadAssembly
Native extension for WindowsStandalone target not found
Refreshing native plugins compatible for Editor in 0.23 ms, found 0 plugins.
Preloading 0 native plugins for Editor in 0.00 ms.
Invoked RoslynAnalysisRunner static constructor.
RoslynAnalysisRunner will not be running.
RoslynAnalysisRunner has terminated.
Mono: successfully reloaded assembly
- Completed reload, in  0.961 seconds
Platform modules already initialized, skipping
Refreshing native plugins compatible for Editor in 0.22 ms, found 0 plugins.
Preloading 0 native plugins for Editor in 0.00 ms.
Unloading 1115 Unused Serialized files (Serialized files now loaded: 0)
System memory in use before: 69.3 MB.
System memory in use after: 69.4 MB.

Unloading 5 unused Assets to reduce memory usage. Loaded Objects now: 1601.
Total: 1.804000 ms (FindLiveObjects: 0.140700 ms CreateObjectMapping: 0.034400 ms MarkObjects: 1.556600 ms  DeleteObjects: 0.071000 ms)

========================================================================
Received Import Request.
  Time since last request: 26.956087 seconds.
  path: Assets/Scenes/Fase1.unity
  artifactKey: Guid(9fc0d4010bbf28b4594072e72b8655ab) Importer(815301076,1909f56bfc062723c751e8b465ee728b)
Start importing Assets/Scenes/Fase1.unity using Guid(9fc0d4010bbf28b4594072e72b8655ab) Importer(815301076,1909f56bfc062723c751e8b465ee728b)  -> (artifact id: 'b68ea318672b758672f8f59c47991c3e') in 0.015687 seconds
  Import took 0.017947 seconds .

========================================================================
Received Prepare
Registering precompiled user dll's ...
Registered in 0.000931 seconds.
Begin MonoManager ReloadAssembly
Native extension for WindowsStandalone target not found
Refreshing native plugins compatible for Editor in 0.21 ms, found 0 plugins.
Preloading 0 native plugins for Editor in 0.00 ms.
Invoked RoslynAnalysisRunner static constructor.
RoslynAnalysisRunner will not be running.
RoslynAnalysisRunner has terminated.
Mono: successfully reloaded assembly
- Completed reload, in  0.974 seconds
Platform modules already initialized, skipping
Refreshing native plugins compatible for Editor in 0.24 ms, found 0 plugins.
Preloading 0 native plugins for Editor in 0.00 ms.
Unloading 1115 Unused Serialized files (Serialized files now loaded: 0)
System memory in use before: 69.3 MB.
System memory in use after: 69.4 MB.

Unloading 5 unused Assets to reduce memory usage. Loaded Objects now: 1604.
Total: 2.557100 ms (FindLiveObjects: 0.210400 ms CreateObjectMapping: 0.189800 ms MarkObjects: 2.072600 ms  DeleteObjects: 0.082700 ms)

========================================================================
Received Prepare
Registering precompiled user dll's ...
Registered in 0.001668 seconds.
Begin MonoManager ReloadAssembly
Native extension for WindowsStandalone target not found
Refreshing native plugins compatible for Editor in 0.22 ms, found 0 plugins.
Preloading 0 native plugins for Editor in 0.00 ms.
Invoked RoslynAnalysisRunner static constructor.
RoslynAnalysisRunner will not be running.
RoslynAnalysisRunner has terminated.
Mono: successfully reloaded assembly
- Completed reload, in  0.823 seconds
Platform modules already initialized, skipping
Refreshing native plugins compatible for Editor in 0.22 ms, found 0 plugins.
Preloading 0 native plugins for Editor in 0.00 ms.
Unloading 1115 Unused Serialized files (Serialized files now loaded: 0)
System memory in use before: 69.4 MB.
System memory in use after: 69.4 MB.

Unloading 5 unused Assets to reduce memory usage. Loaded Objects now: 1607.
Total: 2.038600 ms (FindLiveObjects: 0.255300 ms CreateObjectMapping: 0.087700 ms MarkObjects: 1.614100 ms  DeleteObjects: 0.079900 ms)

========================================================================
Received Prepare
Registering precompiled user dll's ...
Registered in 0.000938 seconds.
Begin MonoManager ReloadAssembly
Native extension for WindowsStandalone target not found
Refreshing native plugins compatible for Editor in 0.22 ms, found 0 plugins.
Preloading 0 native plugins for Editor in 0.00 ms.
Invoked RoslynAnalysisRunner static constructor.
RoslynAnalysisRunner will not be running.
RoslynAnalysisRunner has terminated.
Mono: successfully reloaded assembly
- Completed reload, in  0.935 seconds
Platform modules already initialized, skipping
Refreshing native plugins compatible for Editor in 0.22 ms, found 0 plugins.
Preloading 0 native plugins for Editor in 0.00 ms.
Unloading 1115 Unused Serialized files (Serialized files now loaded: 0)
System memory in use before: 69.4 MB.
System memory in use after: 69.4 MB.

Unloading 5 unused Assets to reduce memory usage. Loaded Objects now: 1610.
Total: 1.776400 ms (FindLiveObjects: 0.139800 ms CreateObjectMapping: 0.037900 ms MarkObjects: 1.520400 ms  DeleteObjects: 0.076900 ms)

========================================================================
Received Prepare
Registering precompiled user dll's ...
Registered in 0.000953 seconds.
Begin MonoManager ReloadAssembly
Native extension for WindowsStandalone target not found
Refreshing native plugins compatible for Editor in 0.22 ms, found 0 plugins.
Preloading 0 native plugins for Editor in 0.00 ms.
Invoked RoslynAnalysisRunner static constructor.
RoslynAnalysisRunner will not be running.
RoslynAnalysisRunner has terminated.
Mono: successfully reloaded assembly
- Completed reload, in  0.895 seconds
Platform modules already initialized, skipping
Refreshing native plugins compatible for Editor in 0.25 ms, found 0 plugins.
Preloading 0 native plugins for Editor in 0.00 ms.
Unloading 1115 Unused Serialized files (Serialized files now loaded: 0)
System memory in use before: 69.4 MB.
System memory in use after: 69.4 MB.

Unloading 5 unused Assets to reduce memory usage. Loaded Objects now: 1613.
Total: 2.611100 ms (FindLiveObjects: 0.154300 ms CreateObjectMapping: 0.042100 ms MarkObjects: 2.322400 ms  DeleteObjects: 0.091200 ms)

========================================================================
Received Import Request.
  Time since last request: 342.996111 seconds.
  path: Assets/Scenes/Fase1.unity
  artifactKey: Guid(9fc0d4010bbf28b4594072e72b8655ab) Importer(815301076,1909f56bfc062723c751e8b465ee728b)
Start importing Assets/Scenes/Fase1.unity using Guid(9fc0d4010bbf28b4594072e72b8655ab) Importer(815301076,1909f56bfc062723c751e8b465ee728b)  -> (artifact id: '401debed1185201e494c5046f7a40eac') in 0.013583 seconds
  Import took 0.015744 seconds .

========================================================================
Received Import Request.
  Time since last request: 168.652454 seconds.
  path: Assets/Scriptpanela.cs
  artifactKey: Guid(43ceb78d5f01dd440bc9fe04db008975) Importer(815301076,1909f56bfc062723c751e8b465ee728b)
Start importing Assets/Scriptpanela.cs using Guid(43ceb78d5f01dd440bc9fe04db008975) Importer(815301076,1909f56bfc062723c751e8b465ee728b)  -> (artifact id: 'dc393500000d4bd5f602490f609c2b98') in 0.004995 seconds
  Import took 0.007987 seconds .

========================================================================
Received Import Request.
  Time since last request: 0.000805 seconds.
  path: Assets/Scriptpanela.cs
  artifactKey: Guid(43ceb78d5f01dd440bc9fe04db008975) Importer(815301076,1909f56bfc062723c751e8b465ee728b)
Start importing Assets/Scriptpanela.cs using Guid(43ceb78d5f01dd440bc9fe04db008975) Importer(815301076,1909f56bfc062723c751e8b465ee728b)  -> (artifact id: 'dc393500000d4bd5f602490f609c2b98') in 0.004792 seconds
  Import took 0.007219 seconds .

========================================================================
Received Import Request.
  Time since last request: 240.789880 seconds.
  path: Assets/pause.jpg
  artifactKey: Guid(06095960f42344547b52bcac30cda26a) Importer(815301076,1909f56bfc062723c751e8b465ee728b)
Start importing Assets/pause.jpg using Guid(06095960f42344547b52bcac30cda26a) Importer(815301076,1909f56bfc062723c751e8b465ee728b)  -> (artifact id: 'aaf15d01909d2b73040fc542a90d96d5') in 0.081893 seconds
  Import took 0.084883 seconds .

========================================================================
Received Import Request.
  Time since last request: 17.130931 seconds.
  path: Assets/pause.jpg
  artifactKey: Guid(06095960f42344547b52bcac30cda26a) Importer(815301076,1909f56bfc062723c751e8b465ee728b)
Start importing Assets/pause.jpg using Guid(06095960f42344547b52bcac30cda26a) Importer(815301076,1909f56bfc062723c751e8b465ee728b)  -> (artifact id: '084f82503f0c2284355d6dfca3569149') in 0.084632 seconds
  Import took 0.086758 seconds .

========================================================================
Received Prepare
Registering precompiled user dll's ...
Registered in 0.001014 seconds.
Begin MonoManager ReloadAssembly
Native extension for WindowsStandalone target not found
Refreshing native plugins compatible for Editor in 0.22 ms, found 0 plugins.
Preloading 0 native plugins for Editor in 0.00 ms.
Invoked RoslynAnalysisRunner static constructor.
RoslynAnalysisRunner will not be running.
RoslynAnalysisRunner has terminated.
Mono: successfully reloaded assembly
- Completed reload, in  0.843 seconds
Platform modules already initialized, skipping
Refreshing native plugins compatible for Editor in 0.26 ms, found 0 plugins.
Preloading 0 native plugins for Editor in 0.00 ms.
Unloading 1149 Unused Serialized files (Serialized files now loaded: 0)
System memory in use before: 73.5 MB.
System memory in use after: 73.6 MB.

Unloading 5 unused Assets to reduce memory usage. Loaded Objects now: 1656.
Total: 1.746300 ms (FindLiveObjects: 0.160100 ms CreateObjectMapping: 0.045700 ms MarkObjects: 1.434000 ms  DeleteObjects: 0.105500 ms)

========================================================================
Received Import Request.
  Time since last request: 109.770096 seconds.
  path: Assets/pause.jpg
  artifactKey: Guid(06095960f42344547b52bcac30cda26a) Importer(815301076,1909f56bfc062723c751e8b465ee728b)
Start importing Assets/pause.jpg using Guid(06095960f42344547b52bcac30cda26a) Importer(815301076,1909f56bfc062723c751e8b465ee728b)  -> (artifact id: '2817a4cdc5320f883fb0079044c69926') in 0.075410 seconds
  Import took 0.078245 seconds .

========================================================================
Received Prepare
Registering precompiled user dll's ...
Registered in 0.001122 seconds.
Begin MonoManager ReloadAssembly
Native extension for WindowsStandalone target not found
Refreshing native plugins compatible for Editor in 0.23 ms, found 0 plugins.
Preloading 0 native plugins for Editor in 0.00 ms.
Invoked RoslynAnalysisRunner static constructor.
RoslynAnalysisRunner will not be running.
RoslynAnalysisRunner has terminated.
Mono: successfully reloaded assembly
- Completed reload, in  0.846 seconds
Platform modules already initialized, skipping
Refreshing native plugins compatible for Editor in 0.22 ms, found 0 plugins.
Preloading 0 native plugins for Editor in 0.00 ms.
Unloading 1149 Unused Serialized files (Serialized files now loaded: 0)
System memory in use before: 73.5 MB.
System memory in use after: 73.6 MB.

Unloading 5 unused Assets to reduce memory usage. Loaded Objects now: 1660.
Total: 1.916400 ms (FindLiveObjects: 0.159700 ms CreateObjectMapping: 0.046100 ms MarkObjects: 1.619000 ms  DeleteObjects: 0.090300 ms)

========================================================================
Received Prepare
Registering precompiled user dll's ...
Registered in 0.000970 seconds.
Begin MonoManager ReloadAssembly
Native extension for WindowsStandalone target not found
Refreshing native plugins compatible for Editor in 0.22 ms, found 0 plugins.
Preloading 0 native plugins for Editor in 0.00 ms.
Invoked RoslynAnalysisRunner static constructor.
RoslynAnalysisRunner will not be running.
RoslynAnalysisRunner has terminated.
Mono: successfully reloaded assembly
- Completed reload, in  0.902 seconds
Platform modules already initialized, skipping
Refreshing native plugins compatible for Editor in 0.25 ms, found 0 plugins.
Preloading 0 native plugins for Editor in 0.00 ms.
Unloading 1149 Unused Serialized files (Serialized files now loaded: 0)
System memory in use before: 73.6 MB.
System memory in use after: 73.6 MB.

Unloading 5 unused Assets to reduce memory usage. Loaded Objects now: 1663.
Total: 1.959000 ms (FindLiveObjects: 0.193600 ms CreateObjectMapping: 0.105600 ms MarkObjects: 1.571800 ms  DeleteObjects: 0.086800 ms)

========================================================================
Received Prepare
Registering precompiled user dll's ...
Registered in 0.000951 seconds.
Begin MonoManager ReloadAssembly
Native extension for WindowsStandalone target not found
Refreshing native plugins compatible for Editor in 0.25 ms, found 0 plugins.
Preloading 0 native plugins for Editor in 0.00 ms.
Invoked RoslynAnalysisRunner static constructor.
RoslynAnalysisRunner will not be running.
RoslynAnalysisRunner has terminated.
Mono: successfully reloaded assembly
- Completed reload, in  0.951 seconds
Platform modules already initialized, skipping
Refreshing native plugins compatible for Editor in 0.51 ms, found 0 plugins.
Preloading 0 native plugins for Editor in 0.00 ms.
Unloading 1149 Unused Serialized files (Serialized files now loaded: 0)
System memory in use before: 73.5 MB.
System memory in use after: 73.6 MB.

Unloading 5 unused Assets to reduce memory usage. Loaded Objects now: 1666.
Total: 1.938700 ms (FindLiveObjects: 0.167100 ms CreateObjectMapping: 0.081400 ms MarkObjects: 1.580200 ms  DeleteObjects: 0.106700 ms)

========================================================================
Received Prepare
Registering precompiled user dll's ...
Registered in 0.001294 seconds.
Begin MonoManager ReloadAssembly
Native extension for WindowsStandalone target not found
Refreshing native plugins compatible for Editor in 0.22 ms, found 0 plugins.
Preloading 0 native plugins for Editor in 0.00 ms.
Invoked RoslynAnalysisRunner static constructor.
RoslynAnalysisRunner will not be running.
RoslynAnalysisRunner has terminated.
Mono: successfully reloaded assembly
- Completed reload, in  0.929 seconds
Platform modules already initialized, skipping
Refreshing native plugins compatible for Editor in 0.21 ms, found 0 plugins.
Preloading 0 native plugins for Editor in 0.00 ms.
Unloading 1149 Unused Serialized files (Serialized files now loaded: 0)
System memory in use before: 73.5 MB.
System memory in use after: 73.6 MB.

Unloading 5 unused Assets to reduce memory usage. Loaded Objects now: 1669.
Total: 1.984600 ms (FindLiveObjects: 0.158300 ms CreateObjectMapping: 0.037400 ms MarkObjects: 1.694700 ms  DeleteObjects: 0.093100 ms)

========================================================================
Received Prepare
Registering precompiled user dll's ...
Registered in 0.000995 seconds.
Begin MonoManager ReloadAssembly
Native extension for WindowsStandalone target not found
Refreshing native plugins compatible for Editor in 0.22 ms, found 0 plugins.
Preloading 0 native plugins for Editor in 0.00 ms.
Invoked RoslynAnalysisRunner static constructor.
RoslynAnalysisRunner will not be running.
RoslynAnalysisRunner has terminated.
Mono: successfully reloaded assembly
- Completed reload, in  0.997 seconds
Platform modules already initialized, skipping
Refreshing native plugins compatible for Editor in 0.22 ms, found 0 plugins.
Preloading 0 native plugins for Editor in 0.00 ms.
Unloading 1149 Unused Serialized files (Serialized files now loaded: 0)
System memory in use before: 73.5 MB.
System memory in use after: 73.6 MB.

Unloading 5 unused Assets to reduce memory usage. Loaded Objects now: 1672.
Total: 1.808700 ms (FindLiveObjects: 0.137500 ms CreateObjectMapping: 0.036700 ms MarkObjects: 1.534700 ms  DeleteObjects: 0.098900 ms)

========================================================================
Received Import Request.
  Time since last request: 828.939974 seconds.
  path: Assets/Scenes/GameOver.unity
  artifactKey: Guid(bf41d95708fd1e24396e57bcf6b7533e) Importer(815301076,1909f56bfc062723c751e8b465ee728b)
Start importing Assets/Scenes/GameOver.unity using Guid(bf41d95708fd1e24396e57bcf6b7533e) Importer(815301076,1909f56bfc062723c751e8b465ee728b)  -> (artifact id: '6f93e3d38d0ae35f1a35a7d5f9902622') in 0.013970 seconds
  Import took 0.016262 seconds .

========================================================================
Received Import Request.
  Time since last request: 0.000695 seconds.
  path: Assets/Scenes/GameOver.unity
  artifactKey: Guid(bf41d95708fd1e24396e57bcf6b7533e) Importer(815301076,1909f56bfc062723c751e8b465ee728b)
Start importing Assets/Scenes/GameOver.unity using Guid(bf41d95708fd1e24396e57bcf6b7533e) Importer(815301076,1909f56bfc062723c751e8b465ee728b)  -> (artifact id: '6f93e3d38d0ae35f1a35a7d5f9902622') in 0.004973 seconds
  Import took 0.007629 seconds .

========================================================================
Received Import Request.
  Time since last request: 0.399958 seconds.
  path: Assets/Scenes/Fase1.unity
  artifactKey: Guid(9fc0d4010bbf28b4594072e72b8655ab) Importer(815301076,1909f56bfc062723c751e8b465ee728b)
Start importing Assets/Scenes/Fase1.unity using Guid(9fc0d4010bbf28b4594072e72b8655ab) Importer(815301076,1909f56bfc062723c751e8b465ee728b)  -> (artifact id: '410913b56f96ea938f6bce1caf228e32') in 0.004598 seconds
  Import took 0.007472 seconds .

========================================================================
Received Import Request.
  Time since last request: 0.000703 seconds.
  path: Assets/Scenes/Fase1.unity
  artifactKey: Guid(9fc0d4010bbf28b4594072e72b8655ab) Importer(815301076,1909f56bfc062723c751e8b465ee728b)
Start importing Assets/Scenes/Fase1.unity using Guid(9fc0d4010bbf28b4594072e72b8655ab) Importer(815301076,1909f56bfc062723c751e8b465ee728b)  -> (artifact id: '410913b56f96ea938f6bce1caf228e32') in 0.005571 seconds
  Import took 0.009266 seconds .

========================================================================
Received Import Request.
  Time since last request: 9.236555 seconds.
  path: Assets/Tiro.cs
  artifactKey: Guid(9d951cde7ae26934d8377e4325dd2d30) Importer(815301076,1909f56bfc062723c751e8b465ee728b)
Start importing Assets/Tiro.cs using Guid(9d951cde7ae26934d8377e4325dd2d30) Importer(815301076,1909f56bfc062723c751e8b465ee728b)  -> (artifact id: 'b03b157a78634c956d51f3ea55c8c449') in 0.004888 seconds
  Import took 0.007771 seconds .

========================================================================
Received Import Request.
  Time since last request: 110.080222 seconds.
  path: Assets/MovimentaCaminhao.cs
  artifactKey: Guid(0a2e087256ff0d0488732e6d8f351dd2) Importer(815301076,1909f56bfc062723c751e8b465ee728b)
Start importing Assets/MovimentaCaminhao.cs using Guid(0a2e087256ff0d0488732e6d8f351dd2) Importer(815301076,1909f56bfc062723c751e8b465ee728b)  -> (artifact id: 'f9bedfc1326084d59387d6382f3286e1') in 0.009895 seconds
  Import took 0.013575 seconds .

========================================================================
Received Prepare
Registering precompiled user dll's ...
Registered in 0.001259 seconds.
Begin MonoManager ReloadAssembly
Native extension for WindowsStandalone target not found
Refreshing native plugins compatible for Editor in 0.36 ms, found 0 plugins.
Preloading 0 native plugins for Editor in 0.00 ms.
Invoked RoslynAnalysisRunner static constructor.
RoslynAnalysisRunner will not be running.
RoslynAnalysisRunner has terminated.
Mono: successfully reloaded assembly
- Completed reload, in  0.855 seconds
Platform modules already initialized, skipping
Refreshing native plugins compatible for Editor in 0.23 ms, found 0 plugins.
Preloading 0 native plugins for Editor in 0.00 ms.
Unloading 1149 Unused Serialized files (Serialized files now loaded: 0)
System memory in use before: 73.5 MB.
System memory in use after: 73.6 MB.

Unloading 5 unused Assets to reduce memory usage. Loaded Objects now: 1675.
Total: 1.696100 ms (FindLiveObjects: 0.142000 ms CreateObjectMapping: 0.038900 ms MarkObjects: 1.423500 ms  DeleteObjects: 0.090500 ms)

========================================================================
Received Prepare
Registering precompiled user dll's ...
Registered in 0.000934 seconds.
Begin MonoManager ReloadAssembly
Native extension for WindowsStandalone target not found
Refreshing native plugins compatible for Editor in 0.35 ms, found 0 plugins.
Preloading 0 native plugins for Editor in 0.00 ms.
Invoked RoslynAnalysisRunner static constructor.
RoslynAnalysisRunner will not be running.
RoslynAnalysisRunner has terminated.
Mono: successfully reloaded assembly
- Completed reload, in  0.996 seconds
Platform modules already initialized, skipping
Refreshing native plugins compatible for Editor in 0.22 ms, found 0 plugins.
Preloading 0 native plugins for Editor in 0.00 ms.
Unloading 1149 Unused Serialized files (Serialized files now loaded: 0)
System memory in use before: 73.5 MB.
System memory in use after: 73.6 MB.

Unloading 5 unused Assets to reduce memory usage. Loaded Objects now: 1678.
Total: 1.724800 ms (FindLiveObjects: 0.152800 ms CreateObjectMapping: 0.056000 ms MarkObjects: 1.444100 ms  DeleteObjects: 0.070800 ms)

========================================================================
Received Import Request.
  Time since last request: 412.303149 seconds.
  path: Assets/Scenes/Panela.prefab
  artifactKey: Guid(2e538041e49df104688ced5022850e99) Importer(815301076,1909f56bfc062723c751e8b465ee728b)
Start importing Assets/Scenes/Panela.prefab using Guid(2e538041e49df104688ced5022850e99) Importer(815301076,1909f56bfc062723c751e8b465ee728b)  -> (artifact id: '40ba1824623980ee1132540be7ae5da5') in 0.086775 seconds
  Import took 0.089729 seconds .

========================================================================
Received Import Request.
  Time since last request: 28.580088 seconds.
  path: Assets/Scripts
  artifactKey: Guid(76d81b40d66322a4896b8936cb315b8f) Importer(815301076,1909f56bfc062723c751e8b465ee728b)
Start importing Assets/Scripts using Guid(76d81b40d66322a4896b8936cb315b8f) Importer(815301076,1909f56bfc062723c751e8b465ee728b)  -> (artifact id: '70a61307ff27111f467564ad9ebfb611') in 0.005041 seconds
  Import took 0.007453 seconds .

========================================================================
Received Prepare
Registering precompiled user dll's ...
Registered in 0.000951 seconds.
Begin MonoManager ReloadAssembly
Native extension for WindowsStandalone target not found
Refreshing native plugins compatible for Editor in 0.22 ms, found 0 plugins.
Preloading 0 native plugins for Editor in 0.00 ms.
Invoked RoslynAnalysisRunner static constructor.
RoslynAnalysisRunner will not be running.
RoslynAnalysisRunner has terminated.
Mono: successfully reloaded assembly
- Completed reload, in  0.904 seconds
Platform modules already initialized, skipping
Refreshing native plugins compatible for Editor in 0.22 ms, found 0 plugins.
Preloading 0 native plugins for Editor in 0.00 ms.
Unloading 1149 Unused Serialized files (Serialized files now loaded: 0)
System memory in use before: 73.6 MB.
System memory in use after: 73.7 MB.

Unloading 6 unused Assets to reduce memory usage. Loaded Objects now: 1685.
Total: 2.155600 ms (FindLiveObjects: 0.180000 ms CreateObjectMapping: 0.049400 ms MarkObjects: 1.816200 ms  DeleteObjects: 0.108700 ms)

========================================================================
Received Prepare
Registering precompiled user dll's ...
Registered in 0.001133 seconds.
Begin MonoManager ReloadAssembly
Native extension for WindowsStandalone target not found
Refreshing native plugins compatible for Editor in 0.23 ms, found 0 plugins.
Preloading 0 native plugins for Editor in 0.00 ms.
Invoked RoslynAnalysisRunner static constructor.
RoslynAnalysisRunner will not be running.
RoslynAnalysisRunner has terminated.
Mono: successfully reloaded assembly
- Completed reload, in  0.907 seconds
Platform modules already initialized, skipping
Refreshing native plugins compatible for Editor in 0.21 ms, found 0 plugins.
Preloading 0 native plugins for Editor in 0.00 ms.
Unloading 1149 Unused Serialized files (Serialized files now loaded: 0)
System memory in use before: 73.6 MB.
System memory in use after: 73.7 MB.

Unloading 5 unused Assets to reduce memory usage. Loaded Objects now: 1688.
Total: 2.300800 ms (FindLiveObjects: 0.159400 ms CreateObjectMapping: 0.042200 ms MarkObjects: 1.924700 ms  DeleteObjects: 0.173000 ms)

========================================================================
Received Prepare
Registering precompiled user dll's ...
Registered in 0.000960 seconds.
Begin MonoManager ReloadAssembly
Native extension for WindowsStandalone target not found
Refreshing native plugins compatible for Editor in 0.35 ms, found 0 plugins.
Preloading 0 native plugins for Editor in 0.00 ms.
Invoked RoslynAnalysisRunner static constructor.
RoslynAnalysisRunner will not be running.
RoslynAnalysisRunner has terminated.
Mono: successfully reloaded assembly
- Completed reload, in  0.932 seconds
Platform modules already initialized, skipping
Refreshing native plugins compatible for Editor in 0.22 ms, found 0 plugins.
Preloading 0 native plugins for Editor in 0.00 ms.
Unloading 1149 Unused Serialized files (Serialized files now loaded: 0)
System memory in use before: 73.6 MB.
System memory in use after: 73.7 MB.

Unloading 5 unused Assets to reduce memory usage. Loaded Objects now: 1691.
Total: 1.668000 ms (FindLiveObjects: 0.162600 ms CreateObjectMapping: 0.044900 ms MarkObjects: 1.386200 ms  DeleteObjects: 0.073100 ms)

========================================================================
Received Prepare
Registering precompiled user dll's ...
Registered in 0.001002 seconds.
Begin MonoManager ReloadAssembly
Native extension for WindowsStandalone target not found
Refreshing native plugins compatible for Editor in 0.23 ms, found 0 plugins.
Preloading 0 native plugins for Editor in 0.00 ms.
Invoked RoslynAnalysisRunner static constructor.
RoslynAnalysisRunner will not be running.
RoslynAnalysisRunner has terminated.
Mono: successfully reloaded assembly
- Completed reload, in  0.904 seconds
Platform modules already initialized, skipping
Refreshing native plugins compatible for Editor in 0.23 ms, found 0 plugins.
Preloading 0 native plugins for Editor in 0.00 ms.
Unloading 1149 Unused Serialized files (Serialized files now loaded: 0)
System memory in use before: 73.6 MB.
System memory in use after: 73.7 MB.

Unloading 5 unused Assets to reduce memory usage. Loaded Objects now: 1694.
Total: 3.520700 ms (FindLiveObjects: 0.251600 ms CreateObjectMapping: 0.049800 ms MarkObjects: 3.136100 ms  DeleteObjects: 0.080900 ms)

========================================================================
Received Prepare
Registering precompiled user dll's ...
Registered in 0.000979 seconds.
Begin MonoManager ReloadAssembly
Native extension for WindowsStandalone target not found
Refreshing native plugins compatible for Editor in 0.22 ms, found 0 plugins.
Preloading 0 native plugins for Editor in 0.00 ms.
Invoked RoslynAnalysisRunner static constructor.
RoslynAnalysisRunner will not be running.
RoslynAnalysisRunner has terminated.
Mono: successfully reloaded assembly
- Completed reload, in  0.860 seconds
Platform modules already initialized, skipping
Refreshing native plugins compatible for Editor in 0.22 ms, found 0 plugins.
Preloading 0 native plugins for Editor in 0.00 ms.
Unloading 1149 Unused Serialized files (Serialized files now loaded: 0)
System memory in use before: 73.6 MB.
System memory in use after: 73.7 MB.

Unloading 5 unused Assets to reduce memory usage. Loaded Objects now: 1697.
Total: 1.651900 ms (FindLiveObjects: 0.133900 ms CreateObjectMapping: 0.037900 ms MarkObjects: 1.375800 ms  DeleteObjects: 0.103400 ms)

========================================================================
Received Prepare
Registering precompiled user dll's ...
Registered in 0.001012 seconds.
Begin MonoManager ReloadAssembly
Native extension for WindowsStandalone target not found
Refreshing native plugins compatible for Editor in 0.22 ms, found 0 plugins.
Preloading 0 native plugins for Editor in 0.00 ms.
Invoked RoslynAnalysisRunner static constructor.
RoslynAnalysisRunner will not be running.
RoslynAnalysisRunner has terminated.
Mono: successfully reloaded assembly
- Completed reload, in  0.872 seconds
Platform modules already initialized, skipping
Refreshing native plugins compatible for Editor in 0.22 ms, found 0 plugins.
Preloading 0 native plugins for Editor in 0.00 ms.
Unloading 1149 Unused Serialized files (Serialized files now loaded: 0)
System memory in use before: 73.6 MB.
System memory in use after: 73.7 MB.

Unloading 5 unused Assets to reduce memory usage. Loaded Objects now: 1700.
Total: 2.484600 ms (FindLiveObjects: 0.162200 ms CreateObjectMapping: 0.046200 ms MarkObjects: 2.197300 ms  DeleteObjects: 0.077300 ms)

========================================================================
Received Prepare
Registering precompiled user dll's ...
Registered in 0.000973 seconds.
Begin MonoManager ReloadAssembly
Native extension for WindowsStandalone target not found
Refreshing native plugins compatible for Editor in 0.22 ms, found 0 plugins.
Preloading 0 native plugins for Editor in 0.00 ms.
Invoked RoslynAnalysisRunner static constructor.
RoslynAnalysisRunner will not be running.
RoslynAnalysisRunner has terminated.
Mono: successfully reloaded assembly
- Completed reload, in  0.879 seconds
Platform modules already initialized, skipping
Refreshing native plugins compatible for Editor in 0.23 ms, found 0 plugins.
Preloading 0 native plugins for Editor in 0.00 ms.
Unloading 1149 Unused Serialized files (Serialized files now loaded: 0)
System memory in use before: 73.6 MB.
System memory in use after: 73.7 MB.

Unloading 5 unused Assets to reduce memory usage. Loaded Objects now: 1703.
Total: 2.152600 ms (FindLiveObjects: 0.281200 ms CreateObjectMapping: 0.126400 ms MarkObjects: 1.638000 ms  DeleteObjects: 0.105200 ms)

========================================================================
Received Prepare
Registering precompiled user dll's ...
Registered in 0.001155 seconds.
Begin MonoManager ReloadAssembly
Native extension for WindowsStandalone target not found
Refreshing native plugins compatible for Editor in 0.22 ms, found 0 plugins.
Preloading 0 native plugins for Editor in 0.00 ms.
Invoked RoslynAnalysisRunner static constructor.
RoslynAnalysisRunner will not be running.
RoslynAnalysisRunner has terminated.
Mono: successfully reloaded assembly
- Completed reload, in  0.860 seconds
Platform modules already initialized, skipping
Refreshing native plugins compatible for Editor in 0.22 ms, found 0 plugins.
Preloading 0 native plugins for Editor in 0.00 ms.
Unloading 1149 Unused Serialized files (Serialized files now loaded: 0)
System memory in use before: 73.7 MB.
System memory in use after: 73.7 MB.

Unloading 5 unused Assets to reduce memory usage. Loaded Objects now: 1706.
Total: 1.948000 ms (FindLiveObjects: 0.174000 ms CreateObjectMapping: 0.048900 ms MarkObjects: 1.634300 ms  DeleteObjects: 0.088600 ms)

========================================================================
Received Import Request.
  Time since last request: 257.191605 seconds.
  path: Assets/Caminhao.prefab
  artifactKey: Guid(99d0da8e214eb044da8108420aa294b1) Importer(815301076,1909f56bfc062723c751e8b465ee728b)
Start importing Assets/Caminhao.prefab using Guid(99d0da8e214eb044da8108420aa294b1) Importer(815301076,1909f56bfc062723c751e8b465ee728b)  -> (artifact id: '3758e1822a83b79cc767c4f9053d3af5') in 0.062209 seconds
  Import took 0.064651 seconds .

========================================================================
Received Import Request.
  Time since last request: 11.039715 seconds.
  path: Assets/Vela.prefab
  artifactKey: Guid(7a2c04c985cf1204daacae2e9ad7e218) Importer(815301076,1909f56bfc062723c751e8b465ee728b)
Start importing Assets/Vela.prefab using Guid(7a2c04c985cf1204daacae2e9ad7e218) Importer(815301076,1909f56bfc062723c751e8b465ee728b)  -> (artifact id: '01a420bff0742cbad8817da8427d6730') in 0.017723 seconds
  Import took 0.020671 seconds .

========================================================================
Received Import Request.
  Time since last request: 0.002579 seconds.
  path: Assets/Vela.prefab
  artifactKey: Guid(7a2c04c985cf1204daacae2e9ad7e218) Importer(815301076,1909f56bfc062723c751e8b465ee728b)
Start importing Assets/Vela.prefab using Guid(7a2c04c985cf1204daacae2e9ad7e218) Importer(815301076,1909f56bfc062723c751e8b465ee728b)  -> (artifact id: '01a420bff0742cbad8817da8427d6730') in 0.019372 seconds
  Import took 0.022715 seconds .

========================================================================
Received Import Request.
  Time since last request: 2.789019 seconds.
  path: Assets/Panela.prefab
  artifactKey: Guid(2e538041e49df104688ced5022850e99) Importer(815301076,1909f56bfc062723c751e8b465ee728b)
Start importing Assets/Panela.prefab using Guid(2e538041e49df104688ced5022850e99) Importer(815301076,1909f56bfc062723c751e8b465ee728b)  -> (artifact id: 'f5a9bee4e79e6524d085cc0010f1abc9') in 0.014032 seconds
  Import took 0.017294 seconds .

========================================================================
Received Import Request.
  Time since last request: 0.004263 seconds.
  path: Assets/Panela.prefab
  artifactKey: Guid(2e538041e49df104688ced5022850e99) Importer(815301076,1909f56bfc062723c751e8b465ee728b)
Start importing Assets/Panela.prefab using Guid(2e538041e49df104688ced5022850e99) Importer(815301076,1909f56bfc062723c751e8b465ee728b)  -> (artifact id: 'f5a9bee4e79e6524d085cc0010f1abc9') in 0.025079 seconds
  Import took 0.031184 seconds .

========================================================================
Received Import Request.
  Time since last request: 20.734664 seconds.
  path: Assets/TiroInimigo.prefab
  artifactKey: Guid(be63adb3c6b48114ca50568925120824) Importer(815301076,1909f56bfc062723c751e8b465ee728b)
Start importing Assets/TiroInimigo.prefab using Guid(be63adb3c6b48114ca50568925120824) Importer(815301076,1909f56bfc062723c751e8b465ee728b)  -> (artifact id: 'f9face6cff76a788298643275a1a4e54') in 0.013019 seconds
  Import took 0.017899 seconds .

========================================================================
Received Prepare
Registering precompiled user dll's ...
Registered in 0.000970 seconds.
Begin MonoManager ReloadAssembly
Native extension for WindowsStandalone target not found
Refreshing native plugins compatible for Editor in 0.69 ms, found 0 plugins.
Preloading 0 native plugins for Editor in 0.00 ms.
Invoked RoslynAnalysisRunner static constructor.
RoslynAnalysisRunner will not be running.
RoslynAnalysisRunner has terminated.
Mono: successfully reloaded assembly
- Completed reload, in  1.131 seconds
Platform modules already initialized, skipping
Refreshing native plugins compatible for Editor in 0.22 ms, found 0 plugins.
Preloading 0 native plugins for Editor in 0.00 ms.
Unloading 1149 Unused Serialized files (Serialized files now loaded: 0)
System memory in use before: 73.7 MB.
System memory in use after: 73.8 MB.

Unloading 6 unused Assets to reduce memory usage. Loaded Objects now: 1711.
Total: 2.816100 ms (FindLiveObjects: 0.152900 ms CreateObjectMapping: 0.044500 ms MarkObjects: 2.536700 ms  DeleteObjects: 0.080300 ms)

========================================================================
Received Import Request.
  Time since last request: 71.264121 seconds.
  path: Assets/TiroInimigo.prefab
  artifactKey: Guid(be63adb3c6b48114ca50568925120824) Importer(815301076,1909f56bfc062723c751e8b465ee728b)
Start importing Assets/TiroInimigo.prefab using Guid(be63adb3c6b48114ca50568925120824) Importer(815301076,1909f56bfc062723c751e8b465ee728b)  -> (artifact id: '255f4fe6deb2afa04dd6b0573856130d') in 0.089579 seconds
  Import took 0.092581 seconds .

========================================================================
Received Prepare
Registering precompiled user dll's ...
Registered in 0.001045 seconds.
Begin MonoManager ReloadAssembly
Native extension for WindowsStandalone target not found
Refreshing native plugins compatible for Editor in 0.41 ms, found 0 plugins.
Preloading 0 native plugins for Editor in 0.00 ms.
Invoked RoslynAnalysisRunner static constructor.
RoslynAnalysisRunner will not be running.
RoslynAnalysisRunner has terminated.
Mono: successfully reloaded assembly
- Completed reload, in  0.910 seconds
Platform modules already initialized, skipping
Refreshing native plugins compatible for Editor in 0.22 ms, found 0 plugins.
Preloading 0 native plugins for Editor in 0.00 ms.
Unloading 1149 Unused Serialized files (Serialized files now loaded: 0)
System memory in use before: 73.7 MB.
System memory in use after: 73.8 MB.

Unloading 5 unused Assets to reduce memory usage. Loaded Objects now: 1715.
Total: 1.791700 ms (FindLiveObjects: 0.167600 ms CreateObjectMapping: 0.040700 ms MarkObjects: 1.454000 ms  DeleteObjects: 0.128500 ms)

========================================================================
Received Import Request.
  Time since last request: 156.101726 seconds.
  path: Assets/UIcontroller.cs
  artifactKey: Guid(955033ed6c1974243b2213e3e1e3f536) Importer(815301076,1909f56bfc062723c751e8b465ee728b)
Start importing Assets/UIcontroller.cs using Guid(955033ed6c1974243b2213e3e1e3f536) Importer(815301076,1909f56bfc062723c751e8b465ee728b)  -> (artifact id: 'c90457b155fd3de1d140fbd48d3eafd8') in 0.007730 seconds
  Import took 0.010024 seconds .

========================================================================
Received Prepare
Registering precompiled user dll's ...
Registered in 0.000956 seconds.
Begin MonoManager ReloadAssembly
Native extension for WindowsStandalone target not found
Refreshing native plugins compatible for Editor in 0.28 ms, found 0 plugins.
Preloading 0 native plugins for Editor in 0.00 ms.
Invoked RoslynAnalysisRunner static constructor.
RoslynAnalysisRunner will not be running.
RoslynAnalysisRunner has terminated.
Mono: successfully reloaded assembly
- Completed reload, in  0.916 seconds
Platform modules already initialized, skipping
Refreshing native plugins compatible for Editor in 0.26 ms, found 0 plugins.
Preloading 0 native plugins for Editor in 0.00 ms.
Unloading 1149 Unused Serialized files (Serialized files now loaded: 0)
System memory in use before: 73.7 MB.
System memory in use after: 73.8 MB.

Unloading 5 unused Assets to reduce memory usage. Loaded Objects now: 1718.
Total: 1.841700 ms (FindLiveObjects: 0.180100 ms CreateObjectMapping: 0.042000 ms MarkObjects: 1.509200 ms  DeleteObjects: 0.109400 ms)

========================================================================
Received Import Request.
  Time since last request: 60.350065 seconds.
  path: Assets/Scripts/UIcontroller.cs
  artifactKey: Guid(73a21c1aeb18f214293b54279a0361ae) Importer(815301076,1909f56bfc062723c751e8b465ee728b)
Start importing Assets/Scripts/UIcontroller.cs using Guid(73a21c1aeb18f214293b54279a0361ae) Importer(815301076,1909f56bfc062723c751e8b465ee728b)  -> (artifact id: '22eeafe97f43a75c92753163149df139') in 0.005303 seconds
  Import took 0.007466 seconds .

========================================================================
Received Import Request.
  Time since last request: 0.000885 seconds.
  path: Assets/Scripts/UIcontroller.cs
  artifactKey: Guid(73a21c1aeb18f214293b54279a0361ae) Importer(815301076,1909f56bfc062723c751e8b465ee728b)
Start importing Assets/Scripts/UIcontroller.cs using Guid(73a21c1aeb18f214293b54279a0361ae) Importer(815301076,1909f56bfc062723c751e8b465ee728b)  -> (artifact id: '22eeafe97f43a75c92753163149df139') in 0.003118 seconds
  Import took 0.005711 seconds .

========================================================================
Received Prepare
Registering precompiled user dll's ...
Registered in 0.001076 seconds.
Begin MonoManager ReloadAssembly
Native extension for WindowsStandalone target not found
Refreshing native plugins compatible for Editor in 0.35 ms, found 0 plugins.
Preloading 0 native plugins for Editor in 0.00 ms.
Invoked RoslynAnalysisRunner static constructor.
RoslynAnalysisRunner will not be running.
RoslynAnalysisRunner has terminated.
Mono: successfully reloaded assembly
- Completed reload, in  0.929 seconds
Platform modules already initialized, skipping
Refreshing native plugins compatible for Editor in 0.26 ms, found 0 plugins.
Preloading 0 native plugins for Editor in 0.00 ms.
Unloading 1149 Unused Serialized files (Serialized files now loaded: 0)
System memory in use before: 73.7 MB.
System memory in use after: 73.8 MB.

Unloading 5 unused Assets to reduce memory usage. Loaded Objects now: 1721.
Total: 2.518500 ms (FindLiveObjects: 0.188600 ms CreateObjectMapping: 0.051600 ms MarkObjects: 2.184400 ms  DeleteObjects: 0.092300 ms)

========================================================================
Received Prepare
Refreshing native plugins compatible for Editor in 0.95 ms, found 0 plugins.
Preloading 0 native plugins for Editor in 0.00 ms.
Unloading 3 Unused Serialized files (Serialized files now loaded: 0)
System memory in use before: 51.0 MB.
System memory in use after: 51.1 MB.

Unloading 3 unused Assets to reduce memory usage. Loaded Objects now: 1721.
Total: 2.291500 ms (FindLiveObjects: 0.186100 ms CreateObjectMapping: 0.042900 ms MarkObjects: 1.952900 ms  DeleteObjects: 0.107700 ms)

AssetImportWorkerClient::OnTransportError - code=2 error=End of file
